<?xml version="1.0" encoding="UTF-8"?>
<!-- Generated by org.testng.reporters.JUnitReportReporter -->
<testsuite hostname="DESKTOP-PO3T4V3" failures="0" tests="3" name="com.testCases.SocketConnection.Iqsoft_TestClass_18_Bet_Negative" time="1.962" errors="0" timestamp="2024-08-07T13:13:25 AMT" skipped="0">
  <testcase classname="com.testCases.SocketConnection.Iqsoft_TestClass_18_Bet_Negative" name="MessageBet_Negative_001" time="0.355"/>
  <system-out/>
  <testcase classname="com.testCases.SocketConnection.Iqsoft_TestClass_18_Bet_Negative" name="MessageBet_Negative_003" time="1.606"/>
  <system-out/>
  <testcase classname="com.testCases.SocketConnection.Iqsoft_TestClass_18_Bet_Negative" name="MessageBet_ValidatePositiveResponse" time="0.001"/>
  <system-out/>
</testsuite> <!-- com.testCases.SocketConnection.Iqsoft_TestClass_18_Bet_Negative -->
