<?xml version="1.0" encoding="UTF-8"?>
<!-- Generated by org.testng.reporters.JUnitReportReporter -->
<testsuite hostname="DESKTOP-PO3T4V3" failures="0" tests="1" name="com.testCases.SocketConnection.Iqsoft_TestClass_16_GetDefaultBoards" time="0.002" errors="0" timestamp="2024-08-07T13:13:25 AMT" skipped="0">
  <testcase classname="com.testCases.SocketConnection.Iqsoft_TestClass_16_GetDefaultBoards" name="MessageDefaultBoard_ValidatePositiveResponse" time="0.002"/>
  <system-out/>
</testsuite> <!-- com.testCases.SocketConnection.Iqsoft_TestClass_16_GetDefaultBoards -->
