<?xml version="1.0" encoding="UTF-8"?>
<!-- Generated by org.testng.reporters.JUnitReportReporter -->
<testsuite hostname="DESKTOP-PO3T4V3" failures="0" tests="13" name="com.testCases.SocketConnection.Iqsoft_TestClass_17_CreateBoard_Negative" time="6.320" errors="0" timestamp="2024-08-07T13:13:25 AMT" skipped="0">
  <testcase classname="com.testCases.SocketConnection.Iqsoft_TestClass_17_CreateBoard_Negative" name="MessageBetBeforeCreateBoard_NegativeBet_001" time="0.458"/>
  <system-out/>
  <testcase classname="com.testCases.SocketConnection.Iqsoft_TestClass_17_CreateBoard_Negative" name="MessageCashoutBeforeCreateBoard_NegativeBet_001" time="0.457"/>
  <system-out/>
  <testcase classname="com.testCases.SocketConnection.Iqsoft_TestClass_17_CreateBoard_Negative" name="MessageCreateBoard_NegativeMinesCount_004" time="0.238"/>
  <system-out/>
  <testcase classname="com.testCases.SocketConnection.Iqsoft_TestClass_17_CreateBoard_Negative" name="MessageCreateBoard_NegativeMinesCount_002" time="0.282"/>
  <system-out/>
  <testcase classname="com.testCases.SocketConnection.Iqsoft_TestClass_17_CreateBoard_Negative" name="MessageCreateBoard_NegativeMinesCount_003" time="0.257"/>
  <system-out/>
  <testcase classname="com.testCases.SocketConnection.Iqsoft_TestClass_17_CreateBoard_Negative" name="MessageCreateBoard_NegativeBalance_005" time="0.294"/>
  <system-out/>
  <testcase classname="com.testCases.SocketConnection.Iqsoft_TestClass_17_CreateBoard_Negative" name="MessageCreateBoard_NegativeBalance_006" time="0.290"/>
  <system-out/>
  <testcase classname="com.testCases.SocketConnection.Iqsoft_TestClass_17_CreateBoard_Negative" name="MessageCreateBoard_NegativeWidth_007" time="0.268"/>
  <system-out/>
  <testcase classname="com.testCases.SocketConnection.Iqsoft_TestClass_17_CreateBoard_Negative" name="MessageCreateBoard_NegativeWidth_008" time="0.603"/>
  <system-out/>
  <testcase classname="com.testCases.SocketConnection.Iqsoft_TestClass_17_CreateBoard_Negative" name="MessageCreateBoard_NegativeWidth_009" time="0.330"/>
  <system-out/>
  <testcase classname="com.testCases.SocketConnection.Iqsoft_TestClass_17_CreateBoard_Negative" name="MessageCreateBoard_NegativeHeight_010" time="0.167"/>
  <system-out/>
  <testcase classname="com.testCases.SocketConnection.Iqsoft_TestClass_17_CreateBoard_Negative" name="MessageCreateBoard_NegativeBetType_011" time="0.403"/>
  <system-out/>
  <testcase classname="com.testCases.SocketConnection.Iqsoft_TestClass_17_CreateBoard_Negative" name="MessageCreateBoard_NegativeSecondBoard_012" time="2.273"/>
  <system-out/>
</testsuite> <!-- com.testCases.SocketConnection.Iqsoft_TestClass_17_CreateBoard_Negative -->
